c:\users\admin\desktop\exentric imgui menu\examples\example_win32_directx11\release\vc143.pdb
c:\users\admin\desktop\exentric imgui menu\examples\example_win32_directx11\release\main.obj
c:\users\admin\desktop\exentric imgui menu\examples\example_win32_directx11\release\imgui_impl_win32.obj
c:\users\admin\desktop\exentric imgui menu\examples\example_win32_directx11\release\imgui_impl_dx11.obj
c:\users\admin\desktop\exentric imgui menu\examples\example_win32_directx11\release\imgui_widgets.obj
c:\users\admin\desktop\exentric imgui menu\examples\example_win32_directx11\release\imgui_tables.obj
c:\users\admin\desktop\exentric imgui menu\examples\example_win32_directx11\release\imgui_freetype.obj
c:\users\admin\desktop\exentric imgui menu\examples\example_win32_directx11\release\imgui_draw.obj
c:\users\admin\desktop\exentric imgui menu\examples\example_win32_directx11\release\imgui.obj
c:\users\admin\desktop\exentric imgui menu\examples\example_win32_directx11\release\example_win32_directx11.ipdb
c:\users\admin\desktop\exentric imgui menu\examples\example_win32_directx11\release\example_win32_directx11.iobj
c:\users\admin\desktop\exentric imgui menu\examples\example_win32_directx11\release\example_win32_directx11.exe
c:\users\admin\desktop\exentric imgui menu\examples\example_win32_directx11\release\example_win32_directx11.pdb
c:\users\admin\desktop\exentric imgui menu\examples\example_win32_directx11\release\example_win32_directx11.vcxproj.filelistabsolute.txt
c:\users\admin\desktop\exentric imgui menu\examples\example_win32_directx11\release\example_.9f316e83.tlog\cl.command.1.tlog
c:\users\admin\desktop\exentric imgui menu\examples\example_win32_directx11\release\example_.9f316e83.tlog\cl.items.tlog
c:\users\admin\desktop\exentric imgui menu\examples\example_win32_directx11\release\example_.9f316e83.tlog\cl.read.1.tlog
c:\users\admin\desktop\exentric imgui menu\examples\example_win32_directx11\release\example_.9f316e83.tlog\cl.write.1.tlog
c:\users\admin\desktop\exentric imgui menu\examples\example_win32_directx11\release\example_.9f316e83.tlog\link.command.1.tlog
c:\users\admin\desktop\exentric imgui menu\examples\example_win32_directx11\release\example_.9f316e83.tlog\link.read.1.tlog
c:\users\admin\desktop\exentric imgui menu\examples\example_win32_directx11\release\example_.9f316e83.tlog\link.write.1.tlog
c:\users\admin\desktop\exentric imgui menu\examples\example_win32_directx11\release\example_.9f316e83.tlog\link.write.2u.tlog
